2025/08/08 11:19:31 Connected to irc.al:6667 ([2001:41d0:701:1100::64e9]:6667)
2025/08/08 11:19:31 --> NICK probe_54000
2025/08/08 11:19:31 --> USER probe_54000 0 * :probe_54000
2025/08/08 11:19:31 Connected to irc.atw-inter.net:6667 ([2a01:270:0:6668::2]:6667)
2025/08/08 11:19:31 --> NICK probe_35000
2025/08/08 11:19:31 --> USER probe_35000 0 * :probe_35000
2025/08/08 11:19:31 Connected to irc.libera.chat:6697 ([2a01:7e00::f03c:92ff:fee6:6a95]:6697)
2025/08/08 11:19:31 --> NICK probe_55000
2025/08/08 11:19:31 --> USER probe_55000 0 * :probe_55000
2025/08/08 11:19:31 Connected to irc.libera.chat:6667 ([2a01:7e00::f03c:92ff:fee6:6a95]:6667)
2025/08/08 11:19:31 --> NICK probe_35000
2025/08/08 11:19:31 --> USER probe_35000 0 * :probe_35000
2025/08/08 11:19:31 <-- :IRC.al 020 * :Please wait while we process your connection.
2025/08/08 11:19:31 <-- :lithium.libera.chat NOTICE * :*** Checking Ident
2025/08/08 11:19:32 Error, disconnected: read tcp [2a02:2454:8577:d300:ed9c:aa92:3fcb:6d30]:52125->[2a01:7e00::f03c:92ff:fee6:6a95]:6697: read: connection reset by peer
2025/08/08 11:19:32 <-- :lithium.libera.chat NOTICE * :*** Looking up your hostname...
2025/08/08 11:19:32 Connected to irc.libera.chat:6697 ([2a01:7e00::f03c:92ff:fee6:6a95]:6697)
2025/08/08 11:19:32 <-- :irc.atw-inter.net 020 * :Please wait while we process your connection.
2025/08/08 11:19:32 <-- :lithium.libera.chat NOTICE * :*** No Ident response
2025/08/08 11:19:32 Connected to irc.dal.net:6697 ([2a02:6ea0:d303::1010]:6697)
2025/08/08 11:19:32 --> NICK probe_28000
2025/08/08 11:19:32 <-- :IRC.al 001 probe_54000 :Welcome to the Internet Relay Network probe_54000!~probe_540@2a02:2454:8577:d300:ed9c:aa92:3fcb:6d30
2025/08/08 11:19:32 --> USER probe_28000 0 * :probe_28000
2025/08/08 11:19:32 <-- :IRC.al 002 probe_54000 :Your host is IRC.al, running version 2.12.0+ircnet2(ce31d74)
2025/08/08 11:19:32 <-- :IRC.al 003 probe_54000 :This server was created Sun Jan 26 2025 at 19:58:04 CET
2025/08/08 11:19:32 <-- :IRC.al 004 probe_54000 IRC.al 2.12.0+ircnet2(ce31d74) aoOirw abeiIklmnoOpqrRstv
2025/08/08 11:19:32 <-- :IRC.al 005 probe_54000 RFC2812 PREFIX=(ov)@+ CHANTYPES=#&!+ MODES=3 CHANLIMIT=#&!+:42 NICKLEN=15 TOPICLEN=255 KICKLEN=255 MAXLIST=beIR:64 CHANNELLEN=50 IDCHAN=!:5 CHANMODES=beIR,k,l,imnpstaqr :are supported by this server
2025/08/08 11:19:32 <-- :IRC.al 005 probe_54000 PENALTY FNC WHOX EXCEPTS=e INVEX=I CASEMAPPING=ascii NETWORK=IRCnet2 :are supported by this server
2025/08/08 11:19:32 <-- :IRC.al 042 probe_54000 276IAAANL :your unique ID
2025/08/08 11:19:32 <-- :IRC.al 251 probe_54000 :There are 347 users and 5 services on 25 servers
2025/08/08 11:19:32 <-- :IRC.al 252 probe_54000 28 :operators online
2025/08/08 11:19:32 <-- :IRC.al 254 probe_54000 137 :channels formed
2025/08/08 11:19:32 <-- :IRC.al 255 probe_54000 :I have 23 users, 0 services and 1 servers
2025/08/08 11:19:32 <-- :IRC.al 265 probe_54000 23 23 :Current local users 23, max 23
2025/08/08 11:19:32 <-- :IRC.al 266 probe_54000 347 367 :Current global users 347, max 367
2025/08/08 11:19:32 <-- :IRC.al 375 probe_54000 :- IRC.al Message of the Day -
2025/08/08 11:19:32 <-- :IRC.al 372 probe_54000 :- 14/3/2025 10:50
2025/08/08 11:19:32 <-- :IRC.al 372 probe_54000 :- +---------------------------------------------------------+
2025/08/08 11:19:32 <-- :IRC.al 372 probe_54000 :- |     ,--.,------.  ,-----.      ,---.  ,--.              |
2025/08/08 11:19:32 <-- :IRC.al 372 probe_54000 :- |     |  ||  .--. ''  .--./     /  O  \ |  |              |
2025/08/08 11:19:32 <-- :IRC.al 372 probe_54000 :- |     |  ||  '--'.'|  |        |  .-.  ||  |              |
2025/08/08 11:19:32 <-- :IRC.al 372 probe_54000 :- |     |  ||  |\  \ '  '--'\.--.|  | |  ||  '---.          |
2025/08/08 11:19:32 <-- :IRC.al 372 probe_54000 :- |     `--'`--' '--' `-----''--'`--' `--'`------'          |
2025/08/08 11:19:32 <-- :IRC.al 372 probe_54000 :- |                                                         |
2025/08/08 11:19:32 <-- :IRC.al 372 probe_54000 :- +---------------------------------------------------------+
2025/08/08 11:19:32 <-- :IRC.al 372 probe_54000 :-                /                 \
2025/08/08 11:19:32 <-- :IRC.al 372 probe_54000 :-     +---------+                   +-----------+
2025/08/08 11:19:32 <-- :IRC.al 372 probe_54000 :-     |                                         |
2025/08/08 11:19:32 <-- :IRC.al 372 probe_54000 :-     |                                         |
2025/08/08 11:19:32 <-- :IRC.al 372 probe_54000 :- +---+------------------------++---------------+-----------+
2025/08/08 11:19:32 <-- :IRC.al 372 probe_54000 :- |    IPv4 CONNECTION         || IPv6 CONNECTION           |
2025/08/08 11:19:32 <-- :IRC.al 372 probe_54000 :- |    51.195.103.145          || 2001:41d0:701:1100::64e9  |
2025/08/08 11:19:32 <-- :IRC.al 372 probe_54000 :- +----------------------------++---------------------------+
2025/08/08 11:19:32 <-- :IRC.al 372 probe_54000 :-
2025/08/08 11:19:32 <-- :IRC.al 372 probe_54000 :- +---------------------------------------------------------+
2025/08/08 11:19:32 <-- :IRC.al 372 probe_54000 :- |  iRC.al welcomes you on ports 6667 and 6697 (SSL/TLS)   |
2025/08/08 11:19:32 <-- :IRC.al 372 probe_54000 :- +---------------------------------------------------------+
2025/08/08 11:19:32 <-- :IRC.al 372 probe_54000 :-
2025/08/08 11:19:32 <-- :IRC.al 372 probe_54000 :- - IRCnet2 provides no channel registration services.
2025/08/08 11:19:32 <-- :IRC.al 372 probe_54000 :- - For more information and SASL go to https://ircnet2.com
2025/08/08 11:19:32 <-- :IRC.al 372 probe_54000 :- - To avoid opless channels, you are encouraged to use the
2025/08/08 11:19:32 <-- :IRC.al 372 probe_54000 :-   channel reop mode +R (otherwise unfixable).
2025/08/08 11:19:32 <-- :IRC.al 372 probe_54000 :- - Usage of /list for listing all channels is active.
2025/08/08 11:19:32 <-- :IRC.al 372 probe_54000 :-
2025/08/08 11:19:32 <-- :IRC.al 372 probe_54000 :- - Network Rules:
2025/08/08 11:19:32 <-- :IRC.al 372 probe_54000 :-   o We reserve the right to deny service to anyone at any
2025/08/08 11:19:32 <-- :IRC.al 372 probe_54000 :-     time and for any reason.
2025/08/08 11:19:32 <-- :IRC.al 372 probe_54000 :-   o Mass advertising/link spam is not allowed.
2025/08/08 11:19:32 <-- :IRC.al 372 probe_54000 :-   o Clients connected for the purpose of stealing nicks
2025/08/08 11:19:32 <-- :IRC.al 372 probe_54000 :-     are not allowed.
2025/08/08 11:19:32 <-- :IRC.al 372 probe_54000 :-   o Bots are tolerated as long as they are not part
2025/08/08 11:19:32 <-- :IRC.al 372 probe_54000 :-     of any huge(+100 clients) botnet.
2025/08/08 11:19:32 Connected to irc.dal.net:6667 ([2a02:6ea0:d303::1010]:6667)
2025/08/08 11:19:32 --> NICK probe_25000
2025/08/08 11:19:32 --> USER probe_25000 0 * :probe_25000
2025/08/08 11:19:32 <-- :IRC.al 372 probe_54000 :-   o Breaking these rules will result in a ban from ALL
2025/08/08 11:19:32 <-- :IRC.al 372 probe_54000 :-     open servers.
2025/08/08 11:19:32 <-- :IRC.al 372 probe_54000 :-
2025/08/08 11:19:32 <-- :IRC.al 372 probe_54000 :- - If you require any further information, join #IRCnet
2025/08/08 11:19:32 <-- :IRC.al 372 probe_54000 :-
2025/08/08 11:19:32 <-- :IRC.al 372 probe_54000 :- +------------------------ STAFF --------------------------+
2025/08/08 11:19:32 <-- :IRC.al 372 probe_54000 :- |  Administrator: yooz                                    |
2025/08/08 11:19:32 <-- :IRC.al 372 probe_54000 :- |  IRC Operator:  ruciu                                   |
2025/08/08 11:19:32 <-- :IRC.al 372 probe_54000 :- |  Tech Support:  kofany                                  |
2025/08/08 11:19:32 <-- :IRC.al 372 probe_54000 :- +---------------------------------------------------------+
2025/08/08 11:19:32 <-- :IRC.al 376 probe_54000 :End of MOTD command.
2025/08/08 11:19:32 <-- :probe_54000 MODE probe_54000 :+i
2025/08/08 11:19:32 <-- :irc.atw-inter.net 001 probe_35000 :Welcome to the Internet Relay Network probe_35000!~probe_350@2a02:2454:8577:d300:ed9c:aa92:3fcb:6d30
2025/08/08 11:19:32 <-- :irc.atw-inter.net 002 probe_35000 :Your host is irc.atw-inter.net, running version 2.11.2p3+0PNv1.06
2025/08/08 11:19:32 <-- :irc.atw-inter.net 003 probe_35000 :This server was created Sat May 22 2021 at 22:30:50 CEST
2025/08/08 11:19:32 <-- :irc.atw-inter.net 004 probe_35000 irc.atw-inter.net 2.11.2p3+0PNv1.06 aoOirw abeiIklmnoOpqrRstv
2025/08/08 11:19:32 <-- :irc.atw-inter.net 005 probe_35000 RFC2812 PREFIX=(ov)@+ CHANTYPES=#&!+ MODES=3 CHANLIMIT=#&!+:42 NICKLEN=15 TOPICLEN=255 KICKLEN=255 MAXLIST=beIR:64 CHANNELLEN=50 IDCHAN=!:5 CHANMODES=beIR,k,l,imnpstaqrzZ :are supported by this server
2025/08/08 11:19:32 <-- :irc.atw-inter.net 005 probe_35000 PENALTY FNC EXCEPTS=e INVEX=I CASEMAPPING=ascii NETWORK=IRCnet :are supported by this server
2025/08/08 11:19:32 <-- :irc.atw-inter.net 042 probe_35000 0PNAAG0F6 :your unique ID
2025/08/08 11:19:32 <-- :irc.atw-inter.net 251 probe_35000 :There are 17899 users and 1 services on 32 servers
2025/08/08 11:19:32 <-- :irc.atw-inter.net 252 probe_35000 67 :operators online
2025/08/08 11:19:32 <-- :irc.atw-inter.net 253 probe_35000 3 :unknown connections
2025/08/08 11:19:32 <-- :irc.atw-inter.net 254 probe_35000 9566 :channels formed
2025/08/08 11:19:32 <-- :irc.atw-inter.net 255 probe_35000 :I have 1479 users, 0 services and 1 servers
2025/08/08 11:19:32 <-- :irc.atw-inter.net 265 probe_35000 1479 1869 :Current local users 1479, max 1869
2025/08/08 11:19:32 <-- :irc.atw-inter.net 266 probe_35000 17899 21274 :Current global users 17899, max 21274
2025/08/08 11:19:32 <-- :irc.atw-inter.net 375 probe_35000 :- irc.atw-inter.net Message of the Day -
2025/08/08 11:19:32 <-- :irc.atw-inter.net 372 probe_35000 :- 8/8/2025 11:09
2025/08/08 11:19:32 <-- :irc.atw-inter.net 372 probe_35000 :- This open IRCnet server is provided by:
2025/08/08 11:19:32 <-- :irc.atw-inter.net 372 probe_35000 :-     _ _______      __  ___     _                    _
2025/08/08 11:19:32 <-- :irc.atw-inter.net 372 probe_35000 :-    /_\_   _\ \    / / |_ _|_ _| |_ ___ _ _ _ _  ___| |_
2025/08/08 11:19:32 <-- :irc.atw-inter.net 372 probe_35000 :-   / _ \| |  \ \/\/ /   | || ' \  _/ -_) '_| ' \/ -_)  _|
2025/08/08 11:19:32 <-- :irc.atw-inter.net 372 probe_35000 :-  /_/ \_\_|   \_/\_/   |___|_||_\__\___|_| |_||_\___|\__|
2025/08/08 11:19:32 <-- :irc.atw-inter.net 372 probe_35000 :-                     irc.atw-inter.net
2025/08/08 11:19:32 <-- :irc.atw-inter.net 372 probe_35000 :-    Open to all users on IPv4/IPv6 ports 6665-6669,7000
2025/08/08 11:19:32 <-- :irc.atw-inter.net 372 probe_35000 :-         SSL/TLS available on ports 6679 and 6697
2025/08/08 11:19:32 <-- :irc.atw-inter.net 372 probe_35000 :- ----------------------------------------------------------
2025/08/08 11:19:32 <-- :irc.atw-inter.net 372 probe_35000 :- ] We scan for open proxies on connect. If you do not wish
2025/08/08 11:19:32 <-- :irc.atw-inter.net 372 probe_35000 :-   to be scanned, please do not connect to this server.
2025/08/08 11:19:32 <-- :irc.atw-inter.net 372 probe_35000 :-
2025/08/08 11:19:32 <-- :irc.atw-inter.net 372 probe_35000 :- ] IRCnet provides no nick/channel registration services.
2025/08/08 11:19:32 <-- :irc.atw-inter.net 372 probe_35000 :-
2025/08/08 11:19:32 <-- :irc.atw-inter.net 372 probe_35000 :- ] This server provides EXPERIMENTAL ip cloaks for users.
2025/08/08 11:19:32 <-- :irc.atw-inter.net 372 probe_35000 :-   Read more and sign up at https://www.cloak.ircnet.io
2025/08/08 11:19:32 <-- :irc.atw-inter.net 372 probe_35000 :-
2025/08/08 11:19:32 <-- :irc.atw-inter.net 372 probe_35000 :- ] To avoid opless channels, you are encouraged to use the
2025/08/08 11:19:32 <-- :irc.atw-inter.net 372 probe_35000 :-   channel reop mode +R (otherwise unfixable).
2025/08/08 11:19:32 <-- :irc.atw-inter.net 372 probe_35000 :-
2025/08/08 11:19:32 <-- :irc.atw-inter.net 372 probe_35000 :- ] Usage of /list for listing all channels is deprecated.
2025/08/08 11:19:32 <-- :irc.atw-inter.net 372 probe_35000 :-   Please use "/squery alis help" instead. You can also
2025/08/08 11:19:32 <-- :irc.atw-inter.net 372 probe_35000 :-   use http://www.ircnet.info to list and search channels.
2025/08/08 11:19:32 <-- :irc.atw-inter.net 372 probe_35000 :-
2025/08/08 11:19:32 <-- :irc.atw-inter.net 372 probe_35000 :- ] Rules:
2025/08/08 11:19:32 <-- :irc.atw-inter.net 372 probe_35000 :-   * We reserve the right to deny service to anyone at any
2025/08/08 11:19:32 <-- :irc.atw-inter.net 372 probe_35000 :-     time and for any reason.
2025/08/08 11:19:32 <-- :irc.atw-inter.net 372 probe_35000 :-   * Mass advertising/link spam is not allowed.
2025/08/08 11:19:32 <-- :irc.atw-inter.net 372 probe_35000 :-   * Clients connected for the purpose of stealing nicks
2025/08/08 11:19:32 <-- :irc.atw-inter.net 372 probe_35000 :-     are not allowed.
2025/08/08 11:19:32 <-- :irc.atw-inter.net 372 probe_35000 :-   * General limits (request changes via /admin):
2025/08/08 11:19:32 <-- :irc.atw-inter.net 372 probe_35000 :-       3 clients per host   (without ident)
2025/08/08 11:19:32 <-- :irc.atw-inter.net 372 probe_35000 :-       3 clients per person (with ident)
2025/08/08 11:19:32 <-- :irc.atw-inter.net 372 probe_35000 :-      20 clients per /24    (IPv4)
2025/08/08 11:19:32 <-- :irc.atw-inter.net 372 probe_35000 :-      10 clients per /48    (IPv6)
2025/08/08 11:19:32 <-- :irc.atw-inter.net 372 probe_35000 :-   * If your IP range offers services to other people
2025/08/08 11:19:32 <-- :irc.atw-inter.net 372 probe_35000 :-     (e.g., shell providers) you must let us know.
2025/08/08 11:19:32 <-- :irc.atw-inter.net 372 probe_35000 :-   * Limits and rules for shell providers:
2025/08/08 11:19:32 <-- :irc.atw-inter.net 372 probe_35000 :-     * 3 clients per person
2025/08/08 11:19:32 <-- :irc.atw-inter.net 372 probe_35000 :-     * identd is required and no ident spoofing, no
2025/08/08 11:19:32 <-- :irc.atw-inter.net 372 probe_35000 :-       changing an ident after a ban, and no giving a
2025/08/08 11:19:32 <-- :irc.atw-inter.net 372 probe_35000 :-       person multiple usernames
2025/08/08 11:19:32 <-- :irc.atw-inter.net 372 probe_35000 :-   * Breaking these rules will result in a ban from ALL
2025/08/08 11:19:32 <-- :irc.atw-inter.net 372 probe_35000 :-     open servers.
2025/08/08 11:19:32 <-- :irc.atw-inter.net 372 probe_35000 :-
2025/08/08 11:19:32 <-- :irc.atw-inter.net 372 probe_35000 :- ] Links:
2025/08/08 11:19:32 <-- :irc.atw-inter.net 372 probe_35000 :-   * Server and channel lists: http://www.ircnet.info
2025/08/08 11:19:32 <-- :irc.atw-inter.net 372 probe_35000 :-   * Random open server (dns round-robins):
2025/08/08 11:19:32 <-- :irc.atw-inter.net 372 probe_35000 :-     - open.ircnet.io       All open servers
2025/08/08 11:19:32 <-- :irc.atw-inter.net 372 probe_35000 :-     - ssl.ircnet.io        With SSL/TLS support
2025/08/08 11:19:32 <-- :irc.atw-inter.net 372 probe_35000 :-     - irc.cloak.ircnet.io  With cloak support
2025/08/08 11:19:32 <-- :irc.atw-inter.net 372 probe_35000 :-     - ssl.cloak.ircnet.io  With cloak and SSL/TLS support
2025/08/08 11:19:32 <-- :irc.atw-inter.net 372 probe_35000 :-   * Webchat available at:
2025/08/08 11:19:32 <-- :irc.atw-inter.net 372 probe_35000 :-     - https://webchat.ircnet.net  qwebirc
2025/08/08 11:19:32 <-- :irc.atw-inter.net 372 probe_35000 :-     - https://ircnet.chat/        The Lounge
2025/08/08 11:19:32 <-- :irc.atw-inter.net 372 probe_35000 :-
2025/08/08 11:19:32 <-- :irc.atw-inter.net 372 probe_35000 :- ] If you require any further information, join #ircnet
2025/08/08 11:19:32 <-- :irc.atw-inter.net 372 probe_35000 :-
2025/08/08 11:19:32 <-- :irc.atw-inter.net 372 probe_35000 :- ----------------------------------------------------------
2025/08/08 11:19:32 <-- :irc.atw-inter.net 372 probe_35000 :-              IRC is a privilege, not a right!
2025/08/08 11:19:32 <-- :irc.atw-inter.net 372 probe_35000 :-        Respect others and enjoy your stay on IRCnet.
2025/08/08 11:19:32 <-- :irc.atw-inter.net 372 probe_35000 :- ----------------------------------------------------------
2025/08/08 11:19:32 <-- :irc.atw-inter.net 376 probe_35000 :End of MOTD command.
2025/08/08 11:19:32 <-- :probe_35000 MODE probe_35000 :+i
2025/08/08 11:19:32 <-- :lithium.libera.chat NOTICE * :*** Couldn't look up your hostname
2025/08/08 11:19:32 <-- :lithium.libera.chat 001 probe_35000 :Welcome to the Libera.Chat Internet Relay Chat Network probe_35000
2025/08/08 11:19:32 <-- :lithium.libera.chat 002 probe_35000 :Your host is lithium.libera.chat[2a01:7e00::f03c:92ff:fee6:6a95/6667], running version solanum-1.0-dev
2025/08/08 11:19:32 <-- :lithium.libera.chat 003 probe_35000 :This server was created Tue Jul 16 2024 at 04:09:28 UTC
2025/08/08 11:19:32 <-- :lithium.libera.chat 004 probe_35000 lithium.libera.chat solanum-1.0-dev DGIMQRSZaghilopsuwz CFILMPQRSTbcefgijklmnopqrstuvz bkloveqjfI
2025/08/08 11:19:32 <-- :lithium.libera.chat 005 probe_35000 ACCOUNTEXTBAN=a SAFELIST ELIST=CMNTU KNOCK MONITOR=100 CALLERID=g ETRACE FNC WHOX CHANTYPES=# EXCEPTS INVEX :are supported by this server
2025/08/08 11:19:32 <-- :lithium.libera.chat 005 probe_35000 CHANMODES=eIbq,k,flj,CFLMPQRSTcgimnprstuz CHANLIMIT=#:250 PREFIX=(ov)@+ MAXLIST=bqeI:100 MODES=4 NETWORK=Libera.Chat STATUSMSG=@+ CASEMAPPING=rfc1459 NICKLEN=16 MAXNICKLEN=16 CHANNELLEN=50 TOPICLEN=390 :are supported by this server
2025/08/08 11:19:32 <-- :lithium.libera.chat 005 probe_35000 DEAF=D TARGMAX=NAMES:1,LIST:1,KICK:1,WHOIS:1,PRIVMSG:4,NOTICE:4,ACCEPT:,MONITOR: EXTBAN=$,agjrxz :are supported by this server
2025/08/08 11:19:32 <-- :lithium.libera.chat 251 probe_35000 :There are 60 users and 31354 invisible on 28 servers
2025/08/08 11:19:32 <-- :lithium.libera.chat 252 probe_35000 40 :IRC Operators online
2025/08/08 11:19:32 <-- :lithium.libera.chat 253 probe_35000 7 :unknown connection(s)
2025/08/08 11:19:32 <-- :lithium.libera.chat 254 probe_35000 22943 :channels formed
2025/08/08 11:19:32 <-- :lithium.libera.chat 255 probe_35000 :I have 1994 clients and 1 servers
2025/08/08 11:19:32 <-- :lithium.libera.chat 265 probe_35000 1994 2704 :Current local users 1994, max 2704
2025/08/08 11:19:32 <-- :lithium.libera.chat 266 probe_35000 31414 34153 :Current global users 31414, max 34153
2025/08/08 11:19:32 <-- :lithium.libera.chat 250 probe_35000 :Highest connection count: 2705 (2704 clients) (587073 connections received)
2025/08/08 11:19:32 <-- :lithium.libera.chat 375 probe_35000 :- lithium.libera.chat Message of the Day -
2025/08/08 11:19:32 <-- :lithium.libera.chat 372 probe_35000 :- Welcome to Libera Chat, the IRC network for
2025/08/08 11:19:32 <-- :lithium.libera.chat 372 probe_35000 :- free & open-source software and peer directed projects.
2025/08/08 11:19:32 <-- :lithium.libera.chat 372 probe_35000 :-
2025/08/08 11:19:32 <-- :lithium.libera.chat 372 probe_35000 :- Use of Libera Chat is governed by our network policies.
2025/08/08 11:19:32 <-- :lithium.libera.chat 372 probe_35000 :-
2025/08/08 11:19:32 <-- :lithium.libera.chat 372 probe_35000 :- To reduce network abuses we perform open proxy checks
2025/08/08 11:19:32 <-- :lithium.libera.chat 372 probe_35000 :- on hosts at connection time.
2025/08/08 11:19:32 <-- :lithium.libera.chat 372 probe_35000 :-
2025/08/08 11:19:32 <-- :lithium.libera.chat 372 probe_35000 :- Please visit us in #libera for questions and support.
2025/08/08 11:19:32 <-- :lithium.libera.chat 372 probe_35000 :-
2025/08/08 11:19:32 <-- :lithium.libera.chat 372 probe_35000 :- Website and documentation:  https://libera.chat
2025/08/08 11:19:32 <-- :lithium.libera.chat 372 probe_35000 :- Webchat:                    https://web.libera.chat
2025/08/08 11:19:32 <-- :lithium.libera.chat 372 probe_35000 :- Network policies:           https://libera.chat/policies
2025/08/08 11:19:32 <-- :lithium.libera.chat 372 probe_35000 :- Email:                      support@libera.chat
2025/08/08 11:19:32 <-- :lithium.libera.chat 376 probe_35000 :End of /MOTD command.
2025/08/08 11:19:32 <-- :probe_35000 MODE probe_35000 :+iw
2025/08/08 11:19:32 Error, disconnected: read tcp [2a02:2454:8577:d300:ed9c:aa92:3fcb:6d30]:52130->[2a02:6ea0:d303::1010]:6697: read: connection reset by peer
2025/08/08 11:19:32 <-- :sakura.jp.as.dal.net NOTICE AUTH :*** Looking up your hostname...
2025/08/08 11:19:32 <-- :sakura.jp.as.dal.net NOTICE AUTH :*** Checking Ident
2025/08/08 11:19:32 Connected to irc.dal.net:6697 ([2a02:6ea0:d303::1010]:6697)
2025/08/08 11:19:32 <-- :sakura.jp.as.dal.net NOTICE AUTH :*** No Ident response
2025/08/08 11:19:33 <-- :sakura.jp.as.dal.net NOTICE ZUSR :You have been throttled for 2 minutes for too many connections in a short period of time. Further connections in this period will reset your throttle and you will have to wait longer.
2025/08/08 11:19:33 <-- :sakura.jp.as.dal.net NOTICE ZUSR :When you return, if you are throttled again, your throttle will last longer.
2025/08/08 11:19:33 <-- ERROR :Your host is trying to (re)connect too fast -- throttled.
2025/08/08 11:19:33 ERROR analysis: Your host is trying to (re)connect too fast -- throttled. -> PermanentError
2025/08/08 11:19:33 Error, disconnected: Received permanent ERROR from server: Your host is trying to (re)connect too fast -- throttled.
2025/08/08 11:19:33 Connected to irc.dal.net:6697 ([2a01:270:0:666d::1]:6697)
2025/08/08 11:19:33 --> QUIT :probe-ok
2025/08/08 11:19:33 <-- ERROR :Closing Link: probe_54000[~probe_540@2a02:2454:8577:d300:ed9c:aa92:3fcb:6d30] ("probe-ok")
2025/08/08 11:19:33 ERROR analysis: Closing Link: probe_54000[~probe_540@2a02:2454:8577:d300:ed9c:aa92:3fcb:6d30] ("probe-ok") -> PermanentError
2025/08/08 11:19:33 --> QUIT :probe-ok
2025/08/08 11:19:33 --> QUIT :probe-ok
2025/08/08 11:19:33 <-- ERROR :Closing Link: probe_35000[~probe_350@2a02:2454:8577:d300:ed9c:aa92:3fcb:6d30] ("probe-ok")
2025/08/08 11:19:33 ERROR analysis: Closing Link: probe_35000[~probe_350@2a02:2454:8577:d300:ed9c:aa92:3fcb:6d30] ("probe-ok") -> PermanentError
2025/08/08 11:19:34 <-- :sakura.jp.as.dal.net NOTICE AUTH :*** Found your hostname
2025/08/08 11:19:34 <-- ERROR :Closing Link: 0.0.0.0 ([exp/dm] Compromised host, go to http://kline.dal.net/exploits/akills.htm [ID: DM-40])
2025/08/08 11:19:34 ERROR analysis: Closing Link: 0.0.0.0 ([exp/dm] Compromised host, go to http://kline.dal.net/exploits/akills.htm [ID: DM-40]) -> PermanentError
2025/08/08 11:19:34 Error, disconnected: Received permanent ERROR from server: Closing Link: 0.0.0.0 ([exp/dm] Compromised host, go to http://kline.dal.net/exploits/akills.htm [ID: DM-40])
2025/08/08 11:19:34 Connected to irc.dal.net:6667 ([2607:8500:154::3]:6667)
2025/08/08 11:19:34 <-- :halcyon.il.us.dal.net NOTICE AUTH :*** Looking up your hostname...
2025/08/08 11:19:34 <-- :halcyon.il.us.dal.net NOTICE AUTH :*** Found your hostname
2025/08/08 11:19:38 <-- :probe_35000!~probe_350@2a02:2454:8577:d300:ed9c:aa92:3fcb:6d30 QUIT :Client Quit
2025/08/08 11:19:38 <-- ERROR :Closing Link: 2a02:2454:8577:d300:ed9c:aa92:3fcb:6d30 (Client Quit)
2025/08/08 11:19:38 ERROR analysis: Closing Link: 2a02:2454:8577:d300:ed9c:aa92:3fcb:6d30 (Client Quit) -> PermanentError
2025/08/08 11:20:04 Error, disconnected: EOF
2025/08/08 11:20:04 Connected to irc.dal.net:6697 ([2604:6600:2000:37::2]:6697)
2025/08/08 11:20:06 <-- ERROR :Closing Link: 0.0.0.0 (Ping timeout)
2025/08/08 11:20:06 ERROR analysis: Closing Link: 0.0.0.0 (Ping timeout) -> RecoverableError
2025/08/08 11:20:06 Recoverable ERROR detected, continuing normal operation
2025/08/08 11:20:06 Error, disconnected: EOF
2025/08/08 11:20:06 Connected to irc.dal.net:6667 (108.181.149.86:6667)
2025/08/08 11:20:06 <-- :lion.tx.us.dal.net NOTICE AUTH :*** Looking up your hostname...
2025/08/08 11:20:06 <-- :lion.tx.us.dal.net NOTICE AUTH :*** Checking Ident
2025/08/08 11:20:06 <-- :lion.tx.us.dal.net NOTICE AUTH :*** No Ident response
2025/08/08 11:20:07 <-- :lion.tx.us.dal.net NOTICE AUTH :*** Found your hostname
2025/08/08 11:20:32 --> PING 1754644832048374000
2025/08/08 11:20:32 Error, disconnected: read tcp [2a02:2454:8577:d300:ed9c:aa92:3fcb:6d30]:52131->[2a01:7e00::f03c:92ff:fee6:6a95]:6697: read: connection reset by peer
2025/08/08 11:20:32 Connected to irc.libera.chat:6697 ([2001:5a0:3604:1:64:86:243:186]:6697)
2025/08/08 11:20:43 <-- ERROR :Closing Link: 0.0.0.0 (Ping timeout)
2025/08/08 11:20:43 ERROR analysis: Closing Link: 0.0.0.0 (Ping timeout) -> RecoverableError
2025/08/08 11:20:43 Recoverable ERROR detected, continuing normal operation
2025/08/08 11:20:43 Error, disconnected: EOF
2025/08/08 11:20:43 Error, disconnected: EOF
2025/08/08 11:20:43 Connected to irc.dal.net:6667 (138.199.28.186:6667)
2025/08/08 11:20:43 Connected to irc.dal.net:6697 (138.199.28.186:6697)
2025/08/08 11:20:43 <-- :bitcoin.uk.eu.dal.net NOTICE AUTH :*** Looking up your hostname...
2025/08/08 11:20:43 <-- :bitcoin.uk.eu.dal.net NOTICE AUTH :*** Found your hostname
